0.279962   -0.285158   0.226293
0.368822   0.130973   0.283132
0.244076   0.0622432   0.481814
0.0337695   -0.0377968   -0.348295
-0.0865378   -0.286288   -0.247818
-0.361914   -0.106609   -0.337931
0.488561   0.44071   -0.383812
0.387703   0.289875   -0.2099
0.229306   0.329895   0.0140761
-0.180395   -0.0496003   -0.305065
0.176052   0.469043   -0.205932
0.469053   0.155618   -0.223218
0.362315   -0.120044   -0.223885
0.213098   -0.291661   0.296756
-0.278737   -0.194479   0.214511
-0.107507   0.161658   -0.307684
0.436395   0.0289414   -0.146634
0.279125   0.433535   -0.218305
0.0164049   -0.349976   0.253749
-0.0828845   0.473588   0.427051
-0.479702   0.216945   -0.395962
0.043172   -0.472338   0.128156
-0.0533561   0.408053   0.134693
0.318983   0.178251   0.0109161
-0.332306   0.285536   0.407307
-0.155991   -0.238811   -0.263331
-0.295991   0.43001   0.377236
0.445987   -0.395032   0.377793
0.0398254   0.0640729   -0.3337
0.0167193   -0.461864   0.0142895
0.0921385   0.226768   0.157178
-0.010209   0.416372   -0.269889
0.254423   0.230528   -0.0544957
0.215245   0.38804   -0.141668
0.409134   0.273926   0.0308146
-0.107002   0.0385629   -0.147836
0.0929822   0.379639   -0.375626
0.215337   -0.418371   0.442517
-0.487447   -0.123805   0.359105
0.147247   -0.44032   -0.0389626
-0.130047   -0.216623   -0.487475
0.307609   -0.0645402   0.0461286
0.115056   -0.217506   0.385508
0.126988   0.00438382   0.270755
0.186995   0.392732   -0.279069
0.0234687   0.44137   0.146622
0.359764   0.102005   -0.0153995
0.377574   0.0027566   -0.287471
-0.497461   0.23584   -0.301411
0.0955093   0.0725154   -0.196925
-0.029936   0.41941   0.390664
0.293405   0.117419   -0.413699
0.114786   -0.376445   -0.30847
-0.204665   -0.199593   0.370881
0.229224   -0.437929   0.361071
-0.40348   0.116051   -0.271981
0.326926   0.103141   0.377889
-0.494169   0.497155   -0.199474
0.306476   -0.263183   0.354796
0.373023   -0.394712   0.34991
0.0763467   -0.0976777   0.0160394
-0.125903   0.362013   0.0103307
-0.315395   -0.404118   0.318398
0.423036   0.483817   -0.434313
-0.44142   0.177101   -0.327009
0.229952   -0.335726   -0.36396
0.361907   0.1622   -0.0947506
0.370457   0.374386   -0.220521
0.409678   0.173164   -0.00900094
-0.390452   0.0514087   -0.477802
-0.349632   -0.33548   0.0233295
0.250812   -0.33688   0.360018
0.194915   -0.207062   0.478714
-0.360645   0.14023   -0.190765
0.295831   -0.434342   0.394769
-0.110868   0.271256   0.0542702
0.313852   0.36295   0.0228842
0.277293   -0.432962   0.286783
-0.378751   0.271406   -0.258358
0.295706   0.232793   0.421926
-0.371165   0.210147   -0.314416
0.229712   0.19495   0.0779956
0.3263   0.290405   -0.0540424
-0.494972   0.486501   -0.312031
-0.132461   0.019909   0.0194798
0.135011   0.147571   0.19363
0.0185243   -0.439124   -0.0930306
0.305577   0.294522   -0.133732
0.478778   -0.316677   0.250996
-0.148936   0.135842   0.36852
0.297747   0.331667   -0.210984
-0.0422909   -0.419731   0.08783
-0.196634   0.225572   -0.242524
-0.188519   0.304805   -0.204098
-0.243595   -0.346091   -0.4602
-0.0661864   -0.250143   -0.345897
-0.247088   0.153814   -0.224898
0.171724   -0.176571   0.336533
0.453724   0.216818   -0.0644011
-0.0804906   -0.168957   -0.370705
-0.498644   0.398754   -0.111602
0.264793   0.142029   0.422143
0.43916   0.0432084   0.208493
0.421579   -0.488174   0.217874
0.391286   -0.078975   -0.360048
0.377959   -0.409043   -0.47017
0.118793   0.128864   -0.261521
-0.350547   -0.348802   -0.477237
