-0.0186806   -0.229289   -0.375411
1.16984   -1.42324   -0.988927
1.17245   1.05305   1.07283
0.204728   1.08383   0.20239
-0.960901   -0.166084   -1.07455
-0.128071   0.0182187   -0.78218
-0.85522   -1.05481   -2.49853
-1.71052   -1.46127   -0.138994
-0.138651   -1.63677   0.100492
1.27104   0.914878   -0.314935
0.186087   0.0949324   1.56423
-0.198569   0.898646   1.28258
0.320401   0.130385   0.647282
-0.809124   0.750945   -0.799221
-0.738261   -0.350785   0.694399
1.25129   1.57649   1.18833
-0.46511   -0.0976391   -0.721052
0.405801   1.84185   0.971521
0.518412   -0.148715   0.195837
0.169965   0.475909   0.470467
1.16676   -1.85664   -0.933024
-0.730203   -1.35195   1.18091
-0.87924   1.42599   1.13066
1.95783   -0.550019   1.0837
1.75495   1.00323   -1.10403
0.317181   0.580364   0.359753
0.30848   0.65641   -2.5326
0.164492   1.06046   -0.325373
1.39912   0.251676   -1.08551
3.13158   -1.05623   0.221522
1.23645   -0.973087   -0.303529
0.590108   -0.945407   -0.552965
-0.11248   0.317493   0.768419
0.933227   2.14957   -0.521096
0.811705   -0.294125   -0.844287
-1.57882   -0.219742   0.865415
-0.559451   0.0306269   0.703127
2.03703   -1.00563   2.39668
-0.36323   -1.2561   0.307161
-0.822702   0.543974   -1.0693
-0.71973   1.82641   1.10686
-0.453574   -1.48379   0.370545
-0.156454   1.47811   -0.4919
-1.36736   1.50339   -0.87665
0.5308   -0.765618   0.627226
-1.44037   0.408718   0.176032
1.06304   0.53705   -0.725033
0.108678   1.19223   1.59621
0.329341   -0.520973   -1.16963
-0.672957   -0.760481   -0.80167
-0.459419   0.471974   -0.748192
-2.24392   -0.0124259   -0.303189
1.02481   -0.595232   -0.0262478
-0.1382   -0.083627   -1.09836
-0.0667573   1.00877   1.34802
-0.58743   1.89052   1.58068
0.239788   -0.289672   -0.283551
-0.339908   0.101626   -0.477627
0.510942   -1.75973   1.04111
0.333878   0.437075   0.747728
-1.37153   -0.128007   0.0630543
-0.651173   1.12946   -0.874031
-1.7747   0.0342452   -1.29852
-1.33073   -0.473694   -0.691726
1.08885   -1.18741   -0.312077
-0.26656   0.769412   0.215038
0.690575   1.07138   1.3314
-0.0723809   0.87444   0.894911
0.498476   -1.70009   1.8981
0.0204044   -0.975893   -0.771858
-1.08865   -0.988629   -1.2953
-0.331328   -1.86813   -0.738161
-0.00973746   -2.14665   0.290862
0.341563   0.838651   0.115998
-0.926394   -1.32649   1.32725
-0.286948   0.214373   -0.916437
1.44705   0.493727   -0.650409
-0.499802   0.602027   -1.14699
0.397059   0.356831   -0.295029
-1.46699   0.0632399   -0.841615
1.44971   -0.562276   0.455811
0.903172   0.0622939   -0.505499
-0.0560443   -0.0947079   -1.41403
-0.649198   0.209881   0.124747
-0.915391   -1.37079   -0.0248998
-0.841697   0.875518   0.771103
2.33291   -0.376052   -0.796342
-0.93081   0.616252   0.611993
-1.61205   0.492742   0.492809
-0.406191   -0.13629   -0.60453
0.892112   -0.252684   0.365522
0.519125   0.713672   0.64308
-0.165583   -0.0442091   1.57912
-1.57678   0.753063   1.88741
-0.0274787   -0.484759   0.184689
0.475253   -0.850284   -0.213651
-1.37042   0.878753   0.760577
-0.225306   -0.773686   -0.748009
0.040719   0.455402   2.22617
-0.328024   0.201801   -1.71298
0.165114   -1.55519   0.611941
1.12561   -0.775525   0.594748
-0.302737   1.54808   -1.39825
1.04396   -1.26398   -0.656494
-2.20816   1.13349   -1.8884
0.857767   -0.483061   -0.601724
-0.00636477   0.747785   -0.15982
0.504807   -0.68373   1.07589
